<?xml version="1.0" encoding="UTF-8"?>
<!-- Generated by org.testng.reporters.JUnitReportReporter -->
<testsuite hostname="cogito" failures="0" tests="2" name="testNG.demo.DataProviderDemo" time="14.314" errors="0" timestamp="2023-09-09T21:07:23 IST" skipped="0">
  <testcase classname="testNG.demo.DataProviderDemo" name="login" time="7.871"/>
  <testcase classname="testNG.demo.DataProviderDemo" name="login" time="6.443"/>
</testsuite> <!-- testNG.demo.DataProviderDemo -->
