<?xml version="1.0" encoding="UTF-8"?>
<!-- Generated by org.testng.reporters.JUnitReportReporter -->
<testsuite hostname="cogito" failures="0" tests="2" name="testNG.demo.ParameterizationDemo" time="8.354" errors="0" timestamp="2023-09-09T20:08:22 IST" skipped="0">
  <testcase classname="testNG.demo.ParameterizationDemo" name="method2" time="0.009"/>
  <testcase classname="testNG.demo.ParameterizationDemo" name="method1" time="8.345"/>
</testsuite> <!-- testNG.demo.ParameterizationDemo -->
