<?xml version="1.0" encoding="UTF-8"?>
<!-- Generated by org.testng.reporters.JUnitReportReporter -->
<testsuite hostname="cogito" failures="0" tests="2" name="testNG.demo.test1" time="0.027" errors="0" timestamp="2023-09-09T17:01:33 IST" skipped="0">
  <testcase classname="testNG.demo.test1" name="method9" time="0.011"/>
  <testcase classname="testNG.demo.test1" name="method1" time="0.016"/>
</testsuite> <!-- testNG.demo.test1 -->
