<?xml version="1.0" encoding="UTF-8"?>
<!-- Generated by org.testng.reporters.JUnitReportReporter -->
<testsuite hostname="cogito" failures="0" tests="2" name="testNG.demo.test2" time="0.022" errors="0" timestamp="2023-09-09T17:01:33 IST" skipped="0">
  <testcase classname="testNG.demo.test2" name="method10" time="0.008"/>
  <testcase classname="testNG.demo.test2" name="method2" time="0.014"/>
</testsuite> <!-- testNG.demo.test2 -->
