<?xml version="1.0" encoding="UTF-8"?>
<!-- Generated by org.testng.reporters.JUnitReportReporter -->
<testsuite hostname="cogito" failures="0" tests="2" name="testNG.demo.GroupsDemo" time="0.016" errors="0" timestamp="2023-09-09T20:47:55 IST" skipped="1">
  <testcase classname="testNG.demo.GroupsDemo" name="method3" time="0.016"/>
  <testcase classname="testNG.demo.GroupsDemo" name="method1">
    <skipped/>
  </testcase> <!-- method1 -->
</testsuite> <!-- testNG.demo.GroupsDemo -->
